Flow report for top_timer_de2_115
Fri Oct  4 00:40:35 2019
Quartus II 32-bit Version 13.0.1 Build 232 06/12/2013 Service Pack 1 SJ Full Version


---------------------
; Table of Contents ;
---------------------
  1. Legal Notice
  2. Flow Summary
  3. Flow Settings
  4. Flow Non-Default Global Settings
  5. Flow Elapsed Time
  6. Flow OS Summary
  7. Flow Log
  8. Flow Messages
  9. Flow Suppressed Messages



----------------
; Legal Notice ;
----------------
Copyright (C) 1991-2013 Altera Corporation
Your use of Altera Corporation's design tools, logic functions 
and other software and tools, and its AMPP partner logic 
functions, and any output files from any of the foregoing 
(including device programming or simulation files), and any 
associated documentation or information are expressly subject 
to the terms and conditions of the Altera Program License 
Subscription Agreement, Altera MegaCore Function License 
Agreement, or other applicable license agreement, including, 
without limitation, that your use is for the sole purpose of 
programming logic devices manufactured by Altera and sold by 
Altera or its authorized distributors.  Please refer to the 
applicable agreement for further details.



+---------------------------------------------------------------------------------------+
; Flow Summary                                                                          ;
+------------------------------------+--------------------------------------------------+
; Flow Status                        ; Successful - Fri Oct  4 00:40:34 2019            ;
; Quartus II 32-bit Version          ; 13.0.1 Build 232 06/12/2013 SP 1 SJ Full Version ;
; Revision Name                      ; top_timer_de2_115                                ;
; Top-level Entity Name              ; top_level                                        ;
; Family                             ; Cyclone IV E                                     ;
; Device                             ; EP4CE115F29C7                                    ;
; Timing Models                      ; Final                                            ;
; Total logic elements               ; 81 / 114,480 ( < 1 % )                           ;
;     Total combinational functions  ; 81 / 114,480 ( < 1 % )                           ;
;     Dedicated logic registers      ; 34 / 114,480 ( < 1 % )                           ;
; Total registers                    ; 34                                               ;
; Total pins                         ; 44 / 529 ( 8 % )                                 ;
; Total virtual pins                 ; 0                                                ;
; Total memory bits                  ; 0 / 3,981,312 ( 0 % )                            ;
; Embedded Multiplier 9-bit elements ; 0 / 532 ( 0 % )                                  ;
; Total PLLs                         ; 1 / 4 ( 25 % )                                   ;
+------------------------------------+--------------------------------------------------+


+-----------------------------------------+
; Flow Settings                           ;
+-------------------+---------------------+
; Option            ; Setting             ;
+-------------------+---------------------+
; Start date & time ; 10/04/2019 00:39:11 ;
; Main task         ; Compilation         ;
; Revision Name     ; top_timer_de2_115   ;
+-------------------+---------------------+


+--------------------------------------------------------------------------------------------------------------------------------+
; Flow Non-Default Global Settings                                                                                               ;
+-------------------------------------+---------------------------------------+-------------------+-------------+----------------+
; Assignment Name                     ; Value                                 ; Default Value     ; Entity Name ; Section Id     ;
+-------------------------------------+---------------------------------------+-------------------+-------------+----------------+
; COMPILER_SIGNATURE_ID               ; 11373243925049.157014955118446        ; --                ; --          ; --             ;
; EDA_OUTPUT_DATA_FORMAT              ; Vhdl                                  ; --                ; --          ; eda_simulation ;
; EDA_SIMULATION_TOOL                 ; ModelSim-Altera (VHDL)                ; <None>            ; --          ; --             ;
; IP_TOOL_NAME                        ; ALTPLL                                ; --                ; --          ; --             ;
; IP_TOOL_VERSION                     ; 13.0                                  ; --                ; --          ; --             ;
; MAX_CORE_JUNCTION_TEMP              ; 85                                    ; --                ; --          ; --             ;
; MIN_CORE_JUNCTION_TEMP              ; 0                                     ; --                ; --          ; --             ;
; MISC_FILE                           ; pll_50mhz_10khz.cmp                   ; --                ; --          ; --             ;
; MISC_FILE                           ; pll_50mhz_10khz.ppf                   ; --                ; --          ; --             ;
; NOMINAL_CORE_SUPPLY_VOLTAGE         ; 1.2V                                  ; --                ; --          ; --             ;
; PARTITION_COLOR                     ; 16764057                              ; --                ; top_level   ; Top            ;
; PARTITION_FITTER_PRESERVATION_LEVEL ; PLACEMENT_AND_ROUTING                 ; --                ; top_level   ; Top            ;
; PARTITION_NETLIST_TYPE              ; SOURCE                                ; --                ; top_level   ; Top            ;
; POWER_BOARD_THERMAL_MODEL           ; None (CONSERVATIVE)                   ; --                ; --          ; --             ;
; POWER_PRESET_COOLING_SOLUTION       ; 23 MM HEAT SINK WITH 200 LFPM AIRFLOW ; --                ; --          ; --             ;
; PROJECT_OUTPUT_DIRECTORY            ; output_files                          ; --                ; --          ; --             ;
; TOP_LEVEL_ENTITY                    ; top_level                             ; top_timer_de2_115 ; --          ; --             ;
+-------------------------------------+---------------------------------------+-------------------+-------------+----------------+


+-------------------------------------------------------------------------------------------------------------------------------+
; Flow Elapsed Time                                                                                                             ;
+---------------------------+--------------+-------------------------+---------------------+------------------------------------+
; Module Name               ; Elapsed Time ; Average Processors Used ; Peak Virtual Memory ; Total CPU Time (on all processors) ;
+---------------------------+--------------+-------------------------+---------------------+------------------------------------+
; Analysis & Synthesis      ; 00:00:06     ; 1.0                     ; 430 MB              ; 00:00:04                           ;
; Fitter                    ; 00:00:35     ; 5.7                     ; 1009 MB             ; 00:01:01                           ;
; Assembler                 ; 00:00:13     ; 1.0                     ; 341 MB              ; 00:00:12                           ;
; TimeQuest Timing Analyzer ; 00:00:09     ; 1.0                     ; 519 MB              ; 00:00:06                           ;
; EDA Netlist Writer        ; 00:00:02     ; 1.0                     ; 320 MB              ; 00:00:02                           ;
; Total                     ; 00:01:05     ; --                      ; --                  ; 00:01:25                           ;
+---------------------------+--------------+-------------------------+---------------------+------------------------------------+


+----------------------------------------------------------------------------------------------------+
; Flow OS Summary                                                                                    ;
+---------------------------+-------------------------+----------------+------------+----------------+
; Module Name               ; Machine Hostname        ; OS Name        ; OS Version ; Processor type ;
+---------------------------+-------------------------+----------------+------------+----------------+
; Analysis & Synthesis      ; quartus-69b945f5b-8stpj ; Ubuntu 18.04.3 ; 18         ; x86_64         ;
; Fitter                    ; quartus-69b945f5b-8stpj ; Ubuntu 18.04.3 ; 18         ; x86_64         ;
; Assembler                 ; quartus-69b945f5b-8stpj ; Ubuntu 18.04.3 ; 18         ; x86_64         ;
; TimeQuest Timing Analyzer ; quartus-69b945f5b-8stpj ; Ubuntu 18.04.3 ; 18         ; x86_64         ;
; EDA Netlist Writer        ; quartus-69b945f5b-8stpj ; Ubuntu 18.04.3 ; 18         ; x86_64         ;
+---------------------------+-------------------------+----------------+------------+----------------+


------------
; Flow Log ;
------------
quartus_map --read_settings_files=on --write_settings_files=off bcd_timer_2019_2 -c top_timer_de2_115
quartus_fit --read_settings_files=off --write_settings_files=off bcd_timer_2019_2 -c top_timer_de2_115
quartus_asm --read_settings_files=off --write_settings_files=off bcd_timer_2019_2 -c top_timer_de2_115
quartus_sta bcd_timer_2019_2 -c top_timer_de2_115
quartus_eda --read_settings_files=off --write_settings_files=off bcd_timer_2019_2 -c top_timer_de2_115



